2020-10-04 13:32:59,907 [main] INFO  grakn.core.server.Grakn - Grakn started in 1.678 s
2021-02-21 00:03:03,063 [main] INFO  grakn.core.server.Grakn - Grakn started in 1.691 s
2021-02-21 00:03:51,326 [grpc-request-handler-5] ERROR g.c.s.r.SessionService$TransactionListener - Runtime Exception in RPC TransactionListener: 
java.util.concurrent.ExecutionException: grakn.core.kb.graql.exception.GraqlSemanticException: description doesn't have an 'isa', a 'sub' or an 'id'
	at java.util.concurrent.FutureTask.report(Unknown Source)
	at java.util.concurrent.FutureTask.get(Unknown Source)
	at grakn.core.server.rpc.SessionService$TransactionListener.process(SessionService.java:319)
	at grakn.core.server.rpc.SessionService$TransactionListener.onNext(SessionService.java:196)
	at grakn.core.server.rpc.SessionService$TransactionListener.onNext(SessionService.java:156)
	at io.grpc.stub.ServerCalls$StreamingServerCallHandler$StreamingServerCallListener.onMessage(ServerCalls.java:251)
	at io.grpc.internal.ServerCallImpl$ServerStreamListenerImpl.messagesAvailableInternal(ServerCallImpl.java:309)
	at io.grpc.internal.ServerCallImpl$ServerStreamListenerImpl.messagesAvailable(ServerCallImpl.java:292)
	at io.grpc.internal.ServerImpl$JumpToApplicationThreadServerStreamListener$1MessagesAvailable.runInContext(ServerImpl.java:779)
	at io.grpc.internal.ContextRunnable.run(ContextRunnable.java:37)
	at io.grpc.internal.SerializingExecutor.run(SerializingExecutor.java:123)
	at java.util.concurrent.ThreadPoolExecutor.runWorker(Unknown Source)
	at java.util.concurrent.ThreadPoolExecutor$Worker.run(Unknown Source)
	at java.lang.Thread.run(Unknown Source)
Caused by: grakn.core.kb.graql.exception.GraqlSemanticException: description doesn't have an 'isa', a 'sub' or an 'id'
2021-02-21 00:06:02,100 [main] INFO  grakn.core.server.Grakn - Grakn started in 1.556 s
2021-02-21 00:06:17,171 [grpc-request-handler-5] ERROR g.c.s.r.SessionService$TransactionListener - Runtime Exception in RPC TransactionListener: 
java.util.concurrent.ExecutionException: grakn.core.kb.graql.exception.GraqlSemanticException: description doesn't have an 'isa', a 'sub' or an 'id'
	at java.util.concurrent.FutureTask.report(Unknown Source)
	at java.util.concurrent.FutureTask.get(Unknown Source)
	at grakn.core.server.rpc.SessionService$TransactionListener.process(SessionService.java:319)
	at grakn.core.server.rpc.SessionService$TransactionListener.onNext(SessionService.java:196)
	at grakn.core.server.rpc.SessionService$TransactionListener.onNext(SessionService.java:156)
	at io.grpc.stub.ServerCalls$StreamingServerCallHandler$StreamingServerCallListener.onMessage(ServerCalls.java:251)
	at io.grpc.internal.ServerCallImpl$ServerStreamListenerImpl.messagesAvailableInternal(ServerCallImpl.java:309)
	at io.grpc.internal.ServerCallImpl$ServerStreamListenerImpl.messagesAvailable(ServerCallImpl.java:292)
	at io.grpc.internal.ServerImpl$JumpToApplicationThreadServerStreamListener$1MessagesAvailable.runInContext(ServerImpl.java:779)
	at io.grpc.internal.ContextRunnable.run(ContextRunnable.java:37)
	at io.grpc.internal.SerializingExecutor.run(SerializingExecutor.java:123)
	at java.util.concurrent.ThreadPoolExecutor.runWorker(Unknown Source)
	at java.util.concurrent.ThreadPoolExecutor$Worker.run(Unknown Source)
	at java.lang.Thread.run(Unknown Source)
Caused by: grakn.core.kb.graql.exception.GraqlSemanticException: description doesn't have an 'isa', a 'sub' or an 'id'
2021-02-21 00:15:00,552 [grpc-request-handler-15] ERROR g.c.s.r.SessionService$TransactionListener - Runtime Exception in RPC TransactionListener: 
java.util.concurrent.ExecutionException: grakn.core.kb.graql.exception.GraqlSemanticException: description doesn't have an 'isa', a 'sub' or an 'id'
	at java.util.concurrent.FutureTask.report(Unknown Source)
	at java.util.concurrent.FutureTask.get(Unknown Source)
	at grakn.core.server.rpc.SessionService$TransactionListener.process(SessionService.java:319)
	at grakn.core.server.rpc.SessionService$TransactionListener.onNext(SessionService.java:196)
	at grakn.core.server.rpc.SessionService$TransactionListener.onNext(SessionService.java:156)
	at io.grpc.stub.ServerCalls$StreamingServerCallHandler$StreamingServerCallListener.onMessage(ServerCalls.java:251)
	at io.grpc.internal.ServerCallImpl$ServerStreamListenerImpl.messagesAvailableInternal(ServerCallImpl.java:309)
	at io.grpc.internal.ServerCallImpl$ServerStreamListenerImpl.messagesAvailable(ServerCallImpl.java:292)
	at io.grpc.internal.ServerImpl$JumpToApplicationThreadServerStreamListener$1MessagesAvailable.runInContext(ServerImpl.java:779)
	at io.grpc.internal.ContextRunnable.run(ContextRunnable.java:37)
	at io.grpc.internal.SerializingExecutor.run(SerializingExecutor.java:123)
	at java.util.concurrent.ThreadPoolExecutor.runWorker(Unknown Source)
	at java.util.concurrent.ThreadPoolExecutor$Worker.run(Unknown Source)
	at java.lang.Thread.run(Unknown Source)
Caused by: grakn.core.kb.graql.exception.GraqlSemanticException: description doesn't have an 'isa', a 'sub' or an 'id'
2021-02-21 00:15:48,925 [grpc-request-handler-9] ERROR g.c.s.r.SessionService$TransactionListener - Runtime Exception in RPC TransactionListener: 
java.util.concurrent.ExecutionException: grakn.core.kb.graql.exception.GraqlSemanticException: description doesn't have an 'isa', a 'sub' or an 'id'
	at java.util.concurrent.FutureTask.report(Unknown Source)
	at java.util.concurrent.FutureTask.get(Unknown Source)
	at grakn.core.server.rpc.SessionService$TransactionListener.process(SessionService.java:319)
	at grakn.core.server.rpc.SessionService$TransactionListener.onNext(SessionService.java:196)
	at grakn.core.server.rpc.SessionService$TransactionListener.onNext(SessionService.java:156)
	at io.grpc.stub.ServerCalls$StreamingServerCallHandler$StreamingServerCallListener.onMessage(ServerCalls.java:251)
	at io.grpc.internal.ServerCallImpl$ServerStreamListenerImpl.messagesAvailableInternal(ServerCallImpl.java:309)
	at io.grpc.internal.ServerCallImpl$ServerStreamListenerImpl.messagesAvailable(ServerCallImpl.java:292)
	at io.grpc.internal.ServerImpl$JumpToApplicationThreadServerStreamListener$1MessagesAvailable.runInContext(ServerImpl.java:779)
	at io.grpc.internal.ContextRunnable.run(ContextRunnable.java:37)
	at io.grpc.internal.SerializingExecutor.run(SerializingExecutor.java:123)
	at java.util.concurrent.ThreadPoolExecutor.runWorker(Unknown Source)
	at java.util.concurrent.ThreadPoolExecutor$Worker.run(Unknown Source)
	at java.lang.Thread.run(Unknown Source)
Caused by: grakn.core.kb.graql.exception.GraqlSemanticException: description doesn't have an 'isa', a 'sub' or an 'id'
